<?xml version="1.0" encoding="UTF-8"?>
<!-- Generated by org.testng.reporters.JUnitReportReporter -->
<testsuite hostname="asd1546po01976" name="Translation" tests="3" failures="0" timestamp="24 Jun 2016 04:50:53 GMT" time="0.008" errors="0">
  <testcase name="test" time="0.004" classname="Translation"/>
  <testcase name="test" time="0.002" classname="Translation"/>
  <testcase name="test" time="0.002" classname="Translation"/>
</testsuite> <!-- Translation -->
